  Arg0.cpp
  Arg1.cpp
  Cfg0.cpp
  Crc0.cpp
  Des0.cpp
  Dir0.cpp
  Dir1.cpp
  Dir2.cpp
  Dir3.cpp
  Dir4.cpp
  Dir5.cpp
  Dir6.cpp
  dir7.cpp
  Fil0.cpp
  Fil1.cpp
  Fil2.cpp
  Fil3.cpp
  Fil4.cpp
  Fil5.cpp
  Grd0.cpp
  Generating Code...
  Compiling...
  Grd1.cpp
  Kbd0.cpp
  Kbd1.cpp
  Mem0.cpp
  Mem1.cpp
  Mem2.cpp
  Mem3.cpp
  Mem4.cpp
  Msc0.cpp
  Msc1.cpp
  Msc2.cpp
  Msc3.cpp
  Msc4.cpp
  Msc5.cpp
  Msc6.cpp
  Mth0.cpp
  Mth1.cpp
  Oldzip.cpp
  rc40.cpp
  Reg0.cpp
  Generating Code...
  Compiling...
  Res0.cpp
  Res1.cpp
  Res2.cpp
  Res3.cpp
  Res4.cpp
  Scr0.cpp
  Scr1.cpp
  Scr2.cpp
  Scr3.cpp
d:\src\libs\gnulib\scr3.cpp(47): warning C4838: conversion from 'INT' to 'SHORT' requires a narrowing conversion
d:\src\libs\gnulib\scr3.cpp(53): warning C4838: conversion from 'INT' to 'SHORT' requires a narrowing conversion
  Scr4.cpp
  Str0.cpp
  Str1.cpp
  Str2.cpp
  Str3.cpp
  Str4.cpp
  Tim0.cpp
  Var0.cpp
  Win0.cpp
  Win1.cpp
  Win2.cpp
  Generating Code...
  Compiling...
  Win3.cpp
  Win4.cpp
  Win5.cpp
  Win7.cpp
  Win8.cpp
  Win9.cpp
  Wina.cpp
  Winb.cpp
  Winc.cpp
  Wind.cpp
  Wine.cpp
  Winf.cpp
  Zip0.cpp
  Zip1.cpp
  Zip2.cpp
  Zip3.cpp
  Zip4.cpp
  Zip5.cpp
  Zip6.cpp
  Zip7.cpp
  Generating Code...
  Compiling...
  Zip8.cpp
  Generating Code...
  Gnulib.vcxproj -> D:\src\Libs\Gnulib\.\Release\GnuLib.lib
  Microsoft (R) Browse Information Maintenance Utility Version 14.16.27027
  Copyright (C) Microsoft Corporation. All rights reserved.
  
  You need to set the ITIINC environment variable!
  You need to set the ITILIB environment variable!
